14:09:00.861 [main                     ] DEBUG Logger               - Configured Logger
14:09:00.889 [main                     ] DEBUG GameApplication      - Logging settings
Title: Floworld
Version: 0.1
Width: 720
Height: 480
Fullscreen: false
Intro: false
Profiling: false
Single step:false
App Mode: DEVELOPER
Menu Key: ESCAPE
Stage Style: DECORATED
Scene Factory: class com.almasb.fxgl.app.scene.SceneFactory

14:09:01.187 [JavaFX Application Thread] DEBUG FXGLApplication      - Initializing FXGL
14:09:01.192 [JavaFX Application Thread] INFO  Engine               - FXGL-17.1 (24.03.2022 17.34) on LINUX (J:17.0.2 FX:18)
14:09:01.193 [JavaFX Application Thread] DEBUG Engine               - JRE Vendor Name: Oracle Corporation
14:09:01.193 [JavaFX Application Thread] DEBUG Engine               - Running on OS: Linux version 5.16.18-1-MANJARO
14:09:01.193 [JavaFX Application Thread] DEBUG Engine               - Architecture: amd64
14:09:01.193 [JavaFX Application Thread] INFO  Engine               - Source code and latest versions at: https://github.com/AlmasB/FXGL
14:09:01.194 [JavaFX Application Thread] INFO  Engine               -       Ask questions and discuss at: https://github.com/AlmasB/FXGL/discussions
14:09:01.194 [JavaFX Application Thread] INFO  Engine               -              Join the FXGL chat at: https://gitter.im/AlmasB/FXGL
14:09:01.266 [JavaFX Application Thread] DEBUG PrimaryStageWindow   - Creating a JavaFX scene
14:09:01.385 [JavaFX Application Thread] DEBUG PrimaryStageWindow   - Target settings size: 720.0 x 480.0
14:09:01.386 [JavaFX Application Thread] DEBUG PrimaryStageWindow   - Scaled scene size:    720.0 x 480.0
14:09:01.386 [JavaFX Application Thread] DEBUG PrimaryStageWindow   - Scaled ratio: (1.0, 1.0)
14:09:01.387 [JavaFX Application Thread] DEBUG PrimaryStageWindow   - Set initial scene to FXGLStartupScene
14:09:01.392 [JavaFX Application Thread] DEBUG PrimaryStageWindow   - Opening main window
14:09:01.421 [JavaFX Application Thread] DEBUG PrimaryStageWindow   - Window border size: (2.0, 29.0)
14:09:01.422 [JavaFX Application Thread] DEBUG PrimaryStageWindow   - Scaled size: 720.0 x 480.0
14:09:01.422 [JavaFX Application Thread] DEBUG PrimaryStageWindow   - Scaled ratio: (1.0, 1.0)
14:09:01.422 [JavaFX Application Thread] DEBUG PrimaryStageWindow   - Scene size: 720.0 x 480.0
14:09:01.422 [JavaFX Application Thread] DEBUG PrimaryStageWindow   - Stage size: 722.0 x 509.0
14:09:01.427 [FXGL Background Thread 1 ] DEBUG Engine               - Initializing environment variables
14:09:01.455 [FXGL Background Thread 1 ] DEBUG FXGLAssetLoaderServi - User app class for loading assets: class com.fengmaster.game.floworld.FloworldGameApplication
14:09:01.456 [FXGL Background Thread 1 ] DEBUG GameApplicationServi - Applying CSS: fxgl_dark.css
14:09:01.457 [FXGL Background Thread 1 ] DEBUG FXGLAssetLoaderServi - Loading from file system: jar:file:///home/fengwu/.m2/repository/com/github/almasb/fxgl/17.1/fxgl-17.1.jar!/fxglassets/ui/css/fxgl_dark.css
14:09:01.512 [FXGL Background Thread 1 ] DEBUG GameApplicationServi - Initializing application scenes
14:09:01.558 [FXGL Background Thread 1 ] DEBUG GameWorld            - Game world initialized
14:09:01.622 [FXGL Background Thread 1 ] DEBUG PhysicsWorld         - Physics world initialized: appHeight=480, physics.ppm=50.0
14:09:01.622 [FXGL Background Thread 1 ] DEBUG PhysicsWorld         - Using strategy: BRUTE_FORCE
14:09:01.627 [FXGL Background Thread 1 ] DEBUG GameScene            - Game scene initialized: 720x480
14:09:01.638 [FXGL Background Thread 1 ] WARN  FXGL.DefaultMenu     - FXGLDefaultMenu is not designed for resolutions < 800x600
14:09:01.639 [FXGL Background Thread 1 ] DEBUG FXGL.DefaultMenu     - createMenuBodyGameMenu()
14:09:01.651 [FXGL Background Thread 1 ] DEBUG FXGL.DefaultMenu     - createOptionsMenu()
14:09:01.662 [FXGL Background Thread 1 ] DEBUG FXGLAssetLoaderServi - Loading from file system: jar:file:///home/fengwu/.m2/repository/com/github/almasb/fxgl/17.1/fxgl-17.1.jar!/fxglassets/textures/particles/smoke.png
14:09:01.734 [FXGL Background Thread 1 ] DEBUG FXGLAssetLoaderServi - Loading from file system: jar:file:///home/fengwu/.m2/repository/com/github/almasb/fxgl/17.1/fxgl-17.1.jar!/fxglassets/textures/particles/trace_horizontal.png
14:09:01.756 [FXGL Background Thread 1 ] DEBUG GameApplicationServi - Application scenes initialized
14:09:01.766 [FXGL Background Thread 1 ] DEBUG SystemBundleService  - Loading FXGL system data
14:09:01.770 [FXGL Background Thread 1 ] DEBUG FileSystemAccess     - Reading from: /home/fengwu/IdeaProjects/Floworld/system/fxgl.bundle
14:09:01.776 [FXGL Background Thread 1 ] DEBUG SystemBundleService  - Bundle FXGL: {}
14:09:01.776 [FXGL Background Thread 1 ] DEBUG UpdaterService       - Checking for updates
14:09:01.780 [FXGL Background Thread 4 ] DEBUG FXGLApplication      - Loading fonts
14:09:01.780 [FXGL Background Thread 4 ] DEBUG FXGLAssetLoaderServi - Loading from file system: jar:file:///home/fengwu/.m2/repository/com/github/almasb/fxgl/17.1/fxgl-17.1.jar!/fxglassets/ui/fonts/VarelaRound-Regular.ttf
14:09:01.781 [FXGL Background Thread 1 ] DEBUG FXGLApplication      - Loading default localization
14:09:01.781 [FXGL Background Thread 1 ] DEBUG FXGLAssetLoaderServi - Loading from file system: jar:file:///home/fengwu/.m2/repository/com/github/almasb/fxgl/17.1/fxgl-17.1.jar!/fxglassets/languages/english.lang
14:09:01.787 [FXGL Background Thread 4 ] DEBUG FXGLAssetLoaderServi - Loading from file system: jar:file:///home/fengwu/.m2/repository/com/github/almasb/fxgl/17.1/fxgl-17.1.jar!/fxglassets/ui/fonts/Abel-Regular.ttf
14:09:01.788 [FXGL Background Thread 4 ] DEBUG FXGLAssetLoaderServi - Loading from file system: jar:file:///home/fengwu/.m2/repository/com/github/almasb/fxgl/17.1/fxgl-17.1.jar!/fxglassets/ui/fonts/TerminalLandMono-Regular.otf
14:09:01.790 [FXGL Background Thread 4 ] DEBUG FXGLAssetLoaderServi - Loading from file system: jar:file:///home/fengwu/.m2/repository/com/github/almasb/fxgl/17.1/fxgl-17.1.jar!/fxglassets/ui/fonts/Courier-Prime.ttf
14:09:01.793 [JavaFX Application Thread] DEBUG FXGLApplication      - Registering font factories with UI factory
14:09:01.795 [FXGL Background Thread 1 ] INFO  FXGLApplication      - FXGL initialization took: 0.368 sec
14:09:01.797 [JavaFX Application Thread] DEBUG FXGLAssetLoaderServi - Loading from file system: jar:file:///home/fengwu/.m2/repository/com/github/almasb/fxgl/17.1/fxgl-17.1.jar!/fxglassets/textures/fxgl_icon.png
14:09:01.846 [JavaFX Application Thread] DEBUG FXGLAssetLoaderServi - Loading from file system: jar:file:///home/fengwu/.m2/repository/com/github/almasb/fxgl/17.1/fxgl-17.1.jar!/fxglassets/textures/fxgl_default_cursor.png
14:09:01.862 [JavaFX Application Thread] DEBUG Input                - Registered new binding: Screenshot - CTRL+8
14:09:01.864 [JavaFX Application Thread] DEBUG Input                - Registered new binding: System info dump - CTRL+9
14:09:01.865 [JavaFX Application Thread] DEBUG Input                - Registered new binding: Restart - CTRL+R
14:09:01.865 [JavaFX Application Thread] DEBUG Input                - Registered new binding: Toggle Debug Camera - CTRL+7
14:09:01.868 [JavaFX Application Thread] DEBUG LoopRunner           - Starting loop
14:09:01.868 [JavaFX Application Thread] DEBUG LoopRunner           - Initializing JavaFX AnimationTimerLoop
14:09:01.869 [JavaFX Application Thread] DEBUG GameApplicationServi - Starting new game
14:09:01.870 [JavaFX Application Thread] DEBUG Input                - Clearing active input actions
14:09:01.883 [JavaFX Application Thread] DEBUG GameApplicationServi - Removing overlay from FXGLStartupScene and adding to FXGLLoadingScene
14:09:01.884 [JavaFX Application Thread] DEBUG PrimaryStageWindow   - FXGLStartupScene -> FXGLLoadingScene
14:09:01.884 [JavaFX Application Thread] DEBUG GameApplicationServi - Clearing previous game
14:09:01.884 [JavaFX Application Thread] DEBUG GameScene            - Clearing game scene
14:09:01.884 [JavaFX Application Thread] DEBUG GameWorld            - Clearing game world
14:09:01.884 [JavaFX Application Thread] DEBUG PhysicsWorld         - Clearing physics world
14:09:01.886 [FXGL Background Thread 1 ] DEBUG FXGLApplication      - Initializing game
14:09:01.889 [FXGL Background Thread 1 ] DEBUG FXGLAssetLoaderServi - Loading from file system: file:/home/fengwu/IdeaProjects/Floworld/target/classes/assets/textures/obj/cobble1.png
14:09:01.949 [FXGL Background Thread 1 ] INFO  FXGLApplication      - Game initialization took: 0.062 sec
14:09:02.006 [JavaFX Application Thread] DEBUG Input                - Clearing active input actions
14:09:02.015 [JavaFX Application Thread] DEBUG GameApplicationServi - Removing overlay from FXGLLoadingScene and adding to GameScene
14:09:02.016 [JavaFX Application Thread] DEBUG PrimaryStageWindow   - FXGLLoadingScene -> GameScene
14:09:03.776 [JavaFX Application Thread] DEBUG PrimaryStageWindow   - Push state: FXGLDefaultMenu
14:09:03.779 [JavaFX Application Thread] DEBUG Input                - Clearing active input actions
14:09:03.783 [JavaFX Application Thread] DEBUG GameApplicationServi - Removing overlay from GameScene and adding to FXGLDefaultMenu
14:09:03.783 [JavaFX Application Thread] DEBUG PrimaryStageWindow   - GameScene -> FXGLDefaultMenu
14:09:04.584 [JavaFX Application Thread] DEBUG PrimaryStageWindow   - Pop state: FXGLDefaultMenu
14:09:04.584 [JavaFX Application Thread] DEBUG Input                - Clearing active input actions
14:09:04.584 [JavaFX Application Thread] DEBUG GameApplicationServi - Removing overlay from FXGLDefaultMenu and adding to GameScene
14:09:04.585 [JavaFX Application Thread] DEBUG PrimaryStageWindow   - GameScene <- FXGLDefaultMenu
14:09:04.779 [FXGL Background Thread 3 ] DEBUG Engine               - Logging environment variables
14:09:04.779 [FXGL Background Thread 3 ] DEBUG Engine               - achievements: []
14:09:04.779 [FXGL Background Thread 3 ] DEBUG Engine               - actualHeight: 451.0
14:09:04.780 [FXGL Background Thread 3 ] DEBUG Engine               - actualHeightProperty: ReadOnlyDoubleProperty [value: 483.0]
14:09:04.780 [FXGL Background Thread 3 ] DEBUG Engine               - actualWidth: 718.0
14:09:04.780 [FXGL Background Thread 3 ] DEBUG Engine               - actualWidthProperty: ReadOnlyDoubleProperty [value: 726.0]
14:09:04.780 [FXGL Background Thread 3 ] DEBUG Engine               - appIcon: fxgl_icon.png
14:09:04.780 [FXGL Background Thread 3 ] DEBUG Engine               - applicationMode: DEVELOPER
14:09:04.780 [FXGL Background Thread 3 ] DEBUG Engine               - cSSList: [fxgl_dark.css]
14:09:04.780 [FXGL Background Thread 3 ] DEBUG Engine               - collisionDetectionStrategy: BRUTE_FORCE
14:09:04.780 [FXGL Background Thread 3 ] DEBUG Engine               - configClass: Optional.empty
14:09:04.780 [FXGL Background Thread 3 ] DEBUG Engine               - credits: []
14:09:04.781 [FXGL Background Thread 3 ] DEBUG Engine               - defaultCursor: CursorInfo(imageName=fxgl_default_cursor.png, hotspotX=7.0, hotspotY=6.0)
14:09:04.781 [FXGL Background Thread 3 ] DEBUG Engine               - devBBoxColorProperty: ObjectProperty [value: 0xff0000ff]
14:09:04.781 [FXGL Background Thread 3 ] DEBUG Engine               - devEnableDebugCameraProperty: BooleanProperty [value: false]
14:09:04.781 [FXGL Background Thread 3 ] DEBUG Engine               - devSensorColorProperty: ObjectProperty [value: 0xffff00ff]
14:09:04.781 [FXGL Background Thread 3 ] DEBUG Engine               - devShowBBoxProperty: BooleanProperty [value: false]
14:09:04.781 [FXGL Background Thread 3 ] DEBUG Engine               - devShowPositionProperty: BooleanProperty [value: false]
14:09:04.781 [FXGL Background Thread 3 ] DEBUG Engine               - enabledMenuItems: []
14:09:04.781 [FXGL Background Thread 3 ] DEBUG Engine               - engineServices: [class com.almasb.fxgl.app.services.FXGLAssetLoaderService, class com.almasb.fxgl.app.FXGLApplication$GameApplicationService, class com.almasb.fxgl.app.services.FXGLDialogService, class com.almasb.fxgl.app.services.IOTaskExecutorService, class com.almasb.fxgl.io.FileSystemService, class com.almasb.fxgl.localization.LocalizationService, class com.almasb.fxgl.app.services.SystemBundleService, class com.almasb.fxgl.profile.SaveLoadService, class com.almasb.fxgl.ui.FXGLUIFactoryServiceProvider, class com.almasb.fxgl.ui.FXGLDialogFactoryServiceProvider, class com.almasb.fxgl.audio.AudioPlayer, class com.almasb.fxgl.notification.impl.NotificationServiceProvider, class com.almasb.fxgl.achievement.AchievementService, class com.almasb.fxgl.cutscene.CutsceneService, class com.almasb.fxgl.minigames.MiniGameService, class com.almasb.fxgl.net.NetService, class com.almasb.fxgl.app.services.UpdaterService, class com.almasb.fxgl.dev.DevService]
14:09:04.782 [FXGL Background Thread 3 ] DEBUG Engine               - fontGame: Abel-Regular.ttf
14:09:04.782 [FXGL Background Thread 3 ] DEBUG Engine               - fontMono: TerminalLandMono-Regular.otf
14:09:04.782 [FXGL Background Thread 3 ] DEBUG Engine               - fontText: Courier-Prime.ttf
14:09:04.782 [FXGL Background Thread 3 ] DEBUG Engine               - fontUI: VarelaRound-Regular.ttf
14:09:04.782 [FXGL Background Thread 3 ] DEBUG Engine               - fullScreen: BooleanProperty [value: false]
14:09:04.782 [FXGL Background Thread 3 ] DEBUG Engine               - gameDifficulty: MEDIUM
14:09:04.782 [FXGL Background Thread 3 ] DEBUG Engine               - gameDifficultyProperty: ObjectProperty [value: MEDIUM]
14:09:04.782 [FXGL Background Thread 3 ] DEBUG Engine               - globalMusicVolume: 0.5
14:09:04.782 [FXGL Background Thread 3 ] DEBUG Engine               - globalMusicVolumeProperty: DoubleProperty [value: 0.5]
14:09:04.782 [FXGL Background Thread 3 ] DEBUG Engine               - globalSoundVolume: 0.5
14:09:04.783 [FXGL Background Thread 3 ] DEBUG Engine               - globalSoundVolumeProperty: DoubleProperty [value: 0.5]
14:09:04.783 [FXGL Background Thread 3 ] DEBUG Engine               - height: 480
14:09:04.783 [FXGL Background Thread 3 ] DEBUG Engine               - is3D: false
14:09:04.783 [FXGL Background Thread 3 ] DEBUG Engine               - isAndroid: false
14:09:04.783 [FXGL Background Thread 3 ] DEBUG Engine               - isBrowser: false
14:09:04.783 [FXGL Background Thread 3 ] DEBUG Engine               - isClickFeedbackEnabled: false
14:09:04.783 [FXGL Background Thread 3 ] DEBUG Engine               - isCloseConfirmation: false
14:09:04.783 [FXGL Background Thread 3 ] DEBUG Engine               - isDesktop: true
14:09:04.783 [FXGL Background Thread 3 ] DEBUG Engine               - isDeveloperMenuEnabled: false
14:09:04.783 [FXGL Background Thread 3 ] DEBUG Engine               - isEmbedded: false
14:09:04.783 [FXGL Background Thread 3 ] DEBUG Engine               - isEntityPreloadEnabled: true
14:09:04.784 [FXGL Background Thread 3 ] DEBUG Engine               - isExperimentalTiledLargeMap: false
14:09:04.784 [FXGL Background Thread 3 ] DEBUG Engine               - isFileSystemWriteAllowed: true
14:09:04.784 [FXGL Background Thread 3 ] DEBUG Engine               - isFullScreenAllowed: false
14:09:04.784 [FXGL Background Thread 3 ] DEBUG Engine               - isFullScreenFromStart: false
14:09:04.784 [FXGL Background Thread 3 ] DEBUG Engine               - isGameMenuEnabled: true
14:09:04.784 [FXGL Background Thread 3 ] DEBUG Engine               - isIOS: false
14:09:04.784 [FXGL Background Thread 3 ] DEBUG Engine               - isIntroEnabled: false
14:09:04.784 [FXGL Background Thread 3 ] DEBUG Engine               - isLinux: true
14:09:04.785 [FXGL Background Thread 3 ] DEBUG Engine               - isMac: false
14:09:04.785 [FXGL Background Thread 3 ] DEBUG Engine               - isMainMenuEnabled: false
14:09:04.785 [FXGL Background Thread 3 ] DEBUG Engine               - isManualResizeEnabled: false
14:09:04.785 [FXGL Background Thread 3 ] DEBUG Engine               - isMobile: false
14:09:04.785 [FXGL Background Thread 3 ] DEBUG Engine               - isNative: false
14:09:04.785 [FXGL Background Thread 3 ] DEBUG Engine               - isPauseMusicWhenMinimized: true
14:09:04.785 [FXGL Background Thread 3 ] DEBUG Engine               - isPreserveResizeRatio: false
14:09:04.786 [FXGL Background Thread 3 ] DEBUG Engine               - isProfilingEnabled: false
14:09:04.786 [FXGL Background Thread 3 ] DEBUG Engine               - isScaleAffectedOnResize: true
14:09:04.786 [FXGL Background Thread 3 ] DEBUG Engine               - isSingleStep: false
14:09:04.786 [FXGL Background Thread 3 ] DEBUG Engine               - isUserProfileEnabled: false
14:09:04.786 [FXGL Background Thread 3 ] DEBUG Engine               - isWindows: false
14:09:04.786 [FXGL Background Thread 3 ] DEBUG Engine               - language: ObjectProperty [value: ENGLISH]
14:09:04.786 [FXGL Background Thread 3 ] DEBUG Engine               - menuKey: ESCAPE
14:09:04.786 [FXGL Background Thread 3 ] DEBUG Engine               - mouseSensitivity: 0.2
14:09:04.787 [FXGL Background Thread 3 ] DEBUG Engine               - notificationViewClass: class com.almasb.fxgl.notification.view.XboxNotificationView
14:09:04.787 [FXGL Background Thread 3 ] DEBUG Engine               - pixelsPerMeter: 50.0
14:09:04.787 [FXGL Background Thread 3 ] DEBUG Engine               - platform: LINUX
14:09:04.787 [FXGL Background Thread 3 ] DEBUG Engine               - prefHeightProperty: ReadOnlyDoubleProperty [value: 480.0]
14:09:04.787 [FXGL Background Thread 3 ] DEBUG Engine               - prefWidthProperty: ReadOnlyDoubleProperty [value: 720.0]
14:09:04.787 [FXGL Background Thread 3 ] DEBUG Engine               - profileDir: profiles/
14:09:04.787 [FXGL Background Thread 3 ] DEBUG Engine               - profileName: StringProperty [value: DEFAULT]
14:09:04.788 [FXGL Background Thread 3 ] DEBUG Engine               - randomSeed: -1
14:09:04.788 [FXGL Background Thread 3 ] DEBUG Engine               - runtimeInfo: RuntimeInfo(platform=LINUX, version=17.1, build=24.03.2022 17.34)
14:09:04.788 [FXGL Background Thread 3 ] DEBUG Engine               - saveFileExt: sav
14:09:04.788 [FXGL Background Thread 3 ] DEBUG Engine               - scaledHeightProp$fxgl: DoubleProperty [bound, value: 483.0]
14:09:04.788 [FXGL Background Thread 3 ] DEBUG Engine               - scaledWidthProp$fxgl: DoubleProperty [bound, value: 726.0]
14:09:04.789 [FXGL Background Thread 3 ] DEBUG Engine               - sceneFactory: com.almasb.fxgl.app.scene.SceneFactory@6b2b49dd
14:09:04.789 [FXGL Background Thread 3 ] DEBUG Engine               - secondsIn24h: 60
14:09:04.789 [FXGL Background Thread 3 ] DEBUG Engine               - soundMenuBack: menu/back.wav
14:09:04.789 [FXGL Background Thread 3 ] DEBUG Engine               - soundMenuPress: menu/press.wav
14:09:04.789 [FXGL Background Thread 3 ] DEBUG Engine               - soundMenuSelect: menu/select.wav
14:09:04.789 [FXGL Background Thread 3 ] DEBUG Engine               - soundNotification: core/notification.wav
14:09:04.789 [FXGL Background Thread 3 ] DEBUG Engine               - stageStyle: DECORATED
14:09:04.789 [FXGL Background Thread 3 ] DEBUG Engine               - supportedLanguages: [ENGLISH, FRENCH, GERMAN, HUNGARIAN, RUSSIAN]
14:09:04.790 [FXGL Background Thread 3 ] DEBUG Engine               - ticksPerSecond: -1
14:09:04.790 [FXGL Background Thread 3 ] DEBUG Engine               - title: Floworld
14:09:04.790 [FXGL Background Thread 3 ] DEBUG Engine               - urlGithub: https://github.com/AlmasB/FXGL
14:09:04.790 [FXGL Background Thread 3 ] DEBUG Engine               - urlLeaderboard: http://fxgl-top.herokuapp.com/
14:09:04.790 [FXGL Background Thread 3 ] DEBUG Engine               - urlPOM: https://raw.githubusercontent.com/AlmasB/FXGL/release/README.md
14:09:04.790 [FXGL Background Thread 3 ] DEBUG Engine               - userAppClass: class com.fengmaster.game.floworld.FloworldGameApplication
14:09:04.790 [FXGL Background Thread 3 ] DEBUG Engine               - version: 0.1
14:09:04.790 [FXGL Background Thread 3 ] DEBUG Engine               - versionCheckDays: 7
14:09:04.790 [FXGL Background Thread 3 ] DEBUG Engine               - width: 720
14:09:04.791 [FXGL Background Thread 3 ] DEBUG Engine               - Logging services
14:09:04.791 [FXGL Background Thread 3 ] DEBUG Engine               - class com.almasb.fxgl.app.services.FXGLAssetLoaderService
14:09:04.791 [FXGL Background Thread 3 ] DEBUG Engine               - class com.almasb.fxgl.app.FXGLApplication$GameApplicationService
14:09:04.791 [FXGL Background Thread 3 ] DEBUG Engine               - class com.almasb.fxgl.app.services.FXGLDialogService
14:09:04.791 [FXGL Background Thread 3 ] DEBUG Engine               - class com.almasb.fxgl.app.services.IOTaskExecutorService
14:09:04.791 [FXGL Background Thread 3 ] DEBUG Engine               - class com.almasb.fxgl.io.FileSystemService
14:09:04.791 [FXGL Background Thread 3 ] DEBUG Engine               - class com.almasb.fxgl.localization.LocalizationService
14:09:04.791 [FXGL Background Thread 3 ] DEBUG Engine               - class com.almasb.fxgl.app.services.SystemBundleService
14:09:04.792 [FXGL Background Thread 3 ] DEBUG Engine               - class com.almasb.fxgl.profile.SaveLoadService
14:09:04.792 [FXGL Background Thread 3 ] DEBUG Engine               - class com.almasb.fxgl.ui.FXGLUIFactoryServiceProvider
14:09:04.792 [FXGL Background Thread 3 ] DEBUG Engine               - class com.almasb.fxgl.ui.FXGLDialogFactoryServiceProvider
14:09:04.792 [FXGL Background Thread 3 ] DEBUG Engine               - class com.almasb.fxgl.audio.AudioPlayer
14:09:04.792 [FXGL Background Thread 3 ] DEBUG Engine               - class com.almasb.fxgl.notification.impl.NotificationServiceProvider
14:09:04.792 [FXGL Background Thread 3 ] DEBUG Engine               - class com.almasb.fxgl.achievement.AchievementService
14:09:04.792 [FXGL Background Thread 3 ] DEBUG Engine               - class com.almasb.fxgl.cutscene.CutsceneService
14:09:04.792 [FXGL Background Thread 3 ] DEBUG Engine               - class com.almasb.fxgl.minigames.MiniGameService
14:09:04.792 [FXGL Background Thread 3 ] DEBUG Engine               - class com.almasb.fxgl.net.NetService
14:09:04.792 [FXGL Background Thread 3 ] DEBUG Engine               - class com.almasb.fxgl.app.services.UpdaterService
14:09:04.793 [FXGL Background Thread 3 ] DEBUG Engine               - class com.almasb.fxgl.dev.DevService
14:09:05.039 [JavaFX Application Thread] DEBUG PrimaryStageWindow   - Push state: FXGLDefaultMenu
14:09:05.039 [JavaFX Application Thread] DEBUG Input                - Clearing active input actions
14:09:05.040 [JavaFX Application Thread] DEBUG GameApplicationServi - Removing overlay from GameScene and adding to FXGLDefaultMenu
14:09:05.040 [JavaFX Application Thread] DEBUG PrimaryStageWindow   - GameScene -> FXGLDefaultMenu
14:09:07.031 [JavaFX Application Thread] DEBUG Menu                 - fireExit()
14:09:07.033 [JavaFX Application Thread] DEBUG PrimaryStageWindow   - Push state: DialogSubScene
14:09:07.033 [JavaFX Application Thread] DEBUG Input                - Clearing active input actions
14:09:07.033 [JavaFX Application Thread] DEBUG GameApplicationServi - Removing overlay from FXGLDefaultMenu and adding to DialogSubScene
14:09:07.034 [JavaFX Application Thread] DEBUG PrimaryStageWindow   - FXGLDefaultMenu -> DialogSubScene
14:09:09.125 [JavaFX Application Thread] DEBUG PrimaryStageWindow   - Pop state: DialogSubScene
14:09:09.125 [JavaFX Application Thread] DEBUG Input                - Clearing active input actions
14:09:09.125 [JavaFX Application Thread] DEBUG GameApplicationServi - Removing overlay from DialogSubScene and adding to FXGLDefaultMenu
14:09:09.126 [JavaFX Application Thread] DEBUG PrimaryStageWindow   - FXGLDefaultMenu <- DialogSubScene
14:09:09.126 [JavaFX Application Thread] DEBUG FXGLApplication      - Exiting FXGL
14:09:09.126 [JavaFX Application Thread] DEBUG LoopRunner           - Stopping loop
14:09:09.126 [JavaFX Application Thread] DEBUG SystemBundleService  - Saving FXGL system data
14:09:09.127 [JavaFX Application Thread] DEBUG FileSystemAccess     - Writing to: /home/fengwu/IdeaProjects/Floworld/system/fxgl.bundle
14:09:09.128 [JavaFX Application Thread] DEBUG Async                - Shutting down background threads
14:09:09.128 [JavaFX Application Thread] DEBUG PrimaryStageWindow   - Closing main window
14:09:09.130 [JavaFX Application Thread] DEBUG Logger               - Closing Logger
