17:05:40.909 [main                     ] DEBUG Logger               - Configured Logger
17:05:40.940 [main                     ] DEBUG GameApplication      - Logging settings
Title: Floworld
Version: 0.1
Width: 720
Height: 480
Fullscreen: false
Intro: false
Profiling: false
Single step:false
App Mode: DEVELOPER
Menu Key: ESCAPE
Stage Style: DECORATED
Scene Factory: class com.almasb.fxgl.app.scene.SceneFactory

17:05:41.270 [JavaFX Application Thread] DEBUG FXGLApplication      - Initializing FXGL
17:05:41.276 [JavaFX Application Thread] INFO  Engine               - FXGL-17.1 (24.03.2022 17.34) on LINUX (J:17.0.2 FX:18)
17:05:41.276 [JavaFX Application Thread] DEBUG Engine               - JRE Vendor Name: Oracle Corporation
17:05:41.277 [JavaFX Application Thread] DEBUG Engine               - Running on OS: Linux version 5.16.18-1-MANJARO
17:05:41.277 [JavaFX Application Thread] DEBUG Engine               - Architecture: amd64
17:05:41.277 [JavaFX Application Thread] INFO  Engine               - Source code and latest versions at: https://github.com/AlmasB/FXGL
17:05:41.277 [JavaFX Application Thread] INFO  Engine               -       Ask questions and discuss at: https://github.com/AlmasB/FXGL/discussions
17:05:41.277 [JavaFX Application Thread] INFO  Engine               -              Join the FXGL chat at: https://gitter.im/AlmasB/FXGL
17:05:41.355 [JavaFX Application Thread] DEBUG PrimaryStageWindow   - Creating a JavaFX scene
17:05:41.488 [JavaFX Application Thread] DEBUG PrimaryStageWindow   - Target settings size: 720.0 x 480.0
17:05:41.488 [JavaFX Application Thread] DEBUG PrimaryStageWindow   - Scaled scene size:    720.0 x 480.0
17:05:41.489 [JavaFX Application Thread] DEBUG PrimaryStageWindow   - Scaled ratio: (1.0, 1.0)
17:05:41.490 [JavaFX Application Thread] DEBUG PrimaryStageWindow   - Set initial scene to FXGLStartupScene
17:05:41.498 [JavaFX Application Thread] DEBUG PrimaryStageWindow   - Opening main window
17:05:41.534 [JavaFX Application Thread] DEBUG PrimaryStageWindow   - Window border size: (2.0, 29.0)
17:05:41.534 [JavaFX Application Thread] DEBUG PrimaryStageWindow   - Scaled size: 720.0 x 480.0
17:05:41.534 [JavaFX Application Thread] DEBUG PrimaryStageWindow   - Scaled ratio: (1.0, 1.0)
17:05:41.535 [JavaFX Application Thread] DEBUG PrimaryStageWindow   - Scene size: 720.0 x 480.0
17:05:41.535 [JavaFX Application Thread] DEBUG PrimaryStageWindow   - Stage size: 722.0 x 509.0
17:05:41.540 [FXGL Background Thread 1 ] DEBUG Engine               - Initializing environment variables
17:05:41.569 [FXGL Background Thread 1 ] DEBUG FXGLAssetLoaderServi - User app class for loading assets: class com.fengmaster.game.floworld.FloworldGameApplication
17:05:41.569 [FXGL Background Thread 1 ] DEBUG GameApplicationServi - Applying CSS: fxgl_dark.css
17:05:41.570 [FXGL Background Thread 1 ] DEBUG FXGLAssetLoaderServi - Loading from file system: jar:file:///home/fengwu/.m2/repository/com/github/almasb/fxgl/17.1/fxgl-17.1.jar!/fxglassets/ui/css/fxgl_dark.css
17:05:41.629 [FXGL Background Thread 1 ] DEBUG GameApplicationServi - Initializing application scenes
17:05:41.690 [FXGL Background Thread 1 ] DEBUG GameWorld            - Game world initialized
17:05:41.746 [FXGL Background Thread 1 ] DEBUG PhysicsWorld         - Physics world initialized: appHeight=480, physics.ppm=50.0
17:05:41.747 [FXGL Background Thread 1 ] DEBUG PhysicsWorld         - Using strategy: BRUTE_FORCE
17:05:41.752 [FXGL Background Thread 1 ] DEBUG GameScene            - Game scene initialized: 720x480
17:05:41.768 [FXGL Background Thread 1 ] WARN  FXGL.DefaultMenu     - FXGLDefaultMenu is not designed for resolutions < 800x600
17:05:41.769 [FXGL Background Thread 1 ] DEBUG FXGL.DefaultMenu     - createMenuBodyGameMenu()
17:05:41.784 [FXGL Background Thread 1 ] DEBUG FXGL.DefaultMenu     - createOptionsMenu()
17:05:41.796 [FXGL Background Thread 1 ] DEBUG FXGLAssetLoaderServi - Loading from file system: jar:file:///home/fengwu/.m2/repository/com/github/almasb/fxgl/17.1/fxgl-17.1.jar!/fxglassets/textures/particles/smoke.png
17:05:41.903 [FXGL Background Thread 1 ] DEBUG FXGLAssetLoaderServi - Loading from file system: jar:file:///home/fengwu/.m2/repository/com/github/almasb/fxgl/17.1/fxgl-17.1.jar!/fxglassets/textures/particles/trace_horizontal.png
17:05:41.939 [FXGL Background Thread 1 ] DEBUG GameApplicationServi - Application scenes initialized
17:05:41.953 [FXGL Background Thread 1 ] DEBUG SystemBundleService  - Loading FXGL system data
17:05:41.957 [FXGL Background Thread 1 ] DEBUG FileSystemAccess     - Reading from: /home/fengwu/IdeaProjects/Floworld/system/fxgl.bundle
17:05:41.965 [FXGL Background Thread 1 ] DEBUG SystemBundleService  - Bundle FXGL: {}
17:05:41.965 [FXGL Background Thread 1 ] DEBUG UpdaterService       - Checking for updates
17:05:41.970 [FXGL Background Thread 4 ] DEBUG FXGLApplication      - Loading fonts
17:05:41.971 [FXGL Background Thread 4 ] DEBUG FXGLAssetLoaderServi - Loading from file system: jar:file:///home/fengwu/.m2/repository/com/github/almasb/fxgl/17.1/fxgl-17.1.jar!/fxglassets/ui/fonts/VarelaRound-Regular.ttf
17:05:41.971 [FXGL Background Thread 1 ] DEBUG FXGLApplication      - Loading default localization
17:05:41.972 [FXGL Background Thread 1 ] DEBUG FXGLAssetLoaderServi - Loading from file system: jar:file:///home/fengwu/.m2/repository/com/github/almasb/fxgl/17.1/fxgl-17.1.jar!/fxglassets/languages/english.lang
17:05:41.977 [FXGL Background Thread 4 ] DEBUG FXGLAssetLoaderServi - Loading from file system: jar:file:///home/fengwu/.m2/repository/com/github/almasb/fxgl/17.1/fxgl-17.1.jar!/fxglassets/ui/fonts/Abel-Regular.ttf
17:05:41.979 [FXGL Background Thread 4 ] DEBUG FXGLAssetLoaderServi - Loading from file system: jar:file:///home/fengwu/.m2/repository/com/github/almasb/fxgl/17.1/fxgl-17.1.jar!/fxglassets/ui/fonts/TerminalLandMono-Regular.otf
17:05:41.981 [FXGL Background Thread 4 ] DEBUG FXGLAssetLoaderServi - Loading from file system: jar:file:///home/fengwu/.m2/repository/com/github/almasb/fxgl/17.1/fxgl-17.1.jar!/fxglassets/ui/fonts/Courier-Prime.ttf
17:05:41.984 [JavaFX Application Thread] DEBUG FXGLApplication      - Registering font factories with UI factory
17:05:41.988 [FXGL Background Thread 1 ] INFO  FXGLApplication      - FXGL initialization took: 0.448 sec
17:05:41.989 [JavaFX Application Thread] DEBUG FXGLAssetLoaderServi - Loading from file system: jar:file:///home/fengwu/.m2/repository/com/github/almasb/fxgl/17.1/fxgl-17.1.jar!/fxglassets/textures/fxgl_icon.png
17:05:42.020 [JavaFX Application Thread] DEBUG FXGLAssetLoaderServi - Loading from file system: jar:file:///home/fengwu/.m2/repository/com/github/almasb/fxgl/17.1/fxgl-17.1.jar!/fxglassets/textures/fxgl_default_cursor.png
17:05:42.028 [JavaFX Application Thread] DEBUG Input                - Registered new binding: Screenshot - CTRL+8
17:05:42.029 [JavaFX Application Thread] DEBUG Input                - Registered new binding: System info dump - CTRL+9
17:05:42.029 [JavaFX Application Thread] DEBUG Input                - Registered new binding: Restart - CTRL+R
17:05:42.030 [JavaFX Application Thread] DEBUG Input                - Registered new binding: Toggle Debug Camera - CTRL+7
17:05:42.032 [JavaFX Application Thread] DEBUG LoopRunner           - Starting loop
17:05:42.032 [JavaFX Application Thread] DEBUG LoopRunner           - Initializing JavaFX AnimationTimerLoop
17:05:42.033 [JavaFX Application Thread] DEBUG GameApplicationServi - Starting new game
17:05:42.034 [JavaFX Application Thread] DEBUG Input                - Clearing active input actions
17:05:42.056 [JavaFX Application Thread] DEBUG GameApplicationServi - Removing overlay from FXGLStartupScene and adding to FXGLLoadingScene
17:05:42.056 [JavaFX Application Thread] DEBUG PrimaryStageWindow   - FXGLStartupScene -> FXGLLoadingScene
17:05:42.057 [JavaFX Application Thread] DEBUG GameApplicationServi - Clearing previous game
17:05:42.057 [JavaFX Application Thread] DEBUG GameScene            - Clearing game scene
17:05:42.057 [JavaFX Application Thread] DEBUG GameWorld            - Clearing game world
17:05:42.057 [JavaFX Application Thread] DEBUG PhysicsWorld         - Clearing physics world
17:05:42.058 [FXGL Background Thread 1 ] DEBUG FXGLApplication      - Initializing game
17:05:42.095 [FXGL Background Thread 1 ] DEBUG FXGLAssetLoaderServi - Loading from file system: file:/home/fengwu/IdeaProjects/Floworld/target/classes/assets/textures/obj/soil.png
17:05:42.130 [FXGL Background Thread 1 ] DEBUG FXGLAssetLoaderServi - Loading from file system: file:/home/fengwu/IdeaProjects/Floworld/target/classes/assets/textures/obj/grass1.png
17:05:42.150 [FXGL Background Thread 1 ] DEBUG FXGLAssetLoaderServi - Loading from file system: file:/home/fengwu/IdeaProjects/Floworld/target/classes/assets/textures/obj/grass2.png
17:05:42.413 [FXGL Background Thread 1 ] INFO  FXGLApplication      - Game initialization took: 0.354 sec
17:05:42.414 [JavaFX Application Thread] DEBUG Input                - Clearing active input actions
17:05:42.443 [JavaFX Application Thread] DEBUG GameApplicationServi - Removing overlay from FXGLLoadingScene and adding to GameScene
17:05:42.444 [JavaFX Application Thread] DEBUG PrimaryStageWindow   - FXGLLoadingScene -> GameScene
17:05:44.968 [FXGL Background Thread 3 ] DEBUG Engine               - Logging environment variables
17:05:44.968 [FXGL Background Thread 3 ] DEBUG Engine               - achievements: []
17:05:44.969 [FXGL Background Thread 3 ] DEBUG Engine               - actualHeight: 451.0
17:05:44.969 [FXGL Background Thread 3 ] DEBUG Engine               - actualHeightProperty: ReadOnlyDoubleProperty [value: 483.0]
17:05:44.969 [FXGL Background Thread 3 ] DEBUG Engine               - actualWidth: 718.0
17:05:44.969 [FXGL Background Thread 3 ] DEBUG Engine               - actualWidthProperty: ReadOnlyDoubleProperty [value: 726.0]
17:05:44.969 [FXGL Background Thread 3 ] DEBUG Engine               - appIcon: fxgl_icon.png
17:05:44.969 [FXGL Background Thread 3 ] DEBUG Engine               - applicationMode: DEVELOPER
17:05:44.969 [FXGL Background Thread 3 ] DEBUG Engine               - cSSList: [fxgl_dark.css]
17:05:44.969 [FXGL Background Thread 3 ] DEBUG Engine               - collisionDetectionStrategy: BRUTE_FORCE
17:05:44.969 [FXGL Background Thread 3 ] DEBUG Engine               - configClass: Optional.empty
17:05:44.969 [FXGL Background Thread 3 ] DEBUG Engine               - credits: []
17:05:44.970 [FXGL Background Thread 3 ] DEBUG Engine               - defaultCursor: CursorInfo(imageName=fxgl_default_cursor.png, hotspotX=7.0, hotspotY=6.0)
17:05:44.970 [FXGL Background Thread 3 ] DEBUG Engine               - devBBoxColorProperty: ObjectProperty [value: 0xff0000ff]
17:05:44.970 [FXGL Background Thread 3 ] DEBUG Engine               - devEnableDebugCameraProperty: BooleanProperty [value: false]
17:05:44.970 [FXGL Background Thread 3 ] DEBUG Engine               - devSensorColorProperty: ObjectProperty [value: 0xffff00ff]
17:05:44.970 [FXGL Background Thread 3 ] DEBUG Engine               - devShowBBoxProperty: BooleanProperty [value: false]
17:05:44.970 [FXGL Background Thread 3 ] DEBUG Engine               - devShowPositionProperty: BooleanProperty [value: false]
17:05:44.971 [FXGL Background Thread 3 ] DEBUG Engine               - enabledMenuItems: []
17:05:44.971 [FXGL Background Thread 3 ] DEBUG Engine               - engineServices: [class com.almasb.fxgl.app.services.FXGLAssetLoaderService, class com.almasb.fxgl.app.FXGLApplication$GameApplicationService, class com.almasb.fxgl.app.services.FXGLDialogService, class com.almasb.fxgl.app.services.IOTaskExecutorService, class com.almasb.fxgl.io.FileSystemService, class com.almasb.fxgl.localization.LocalizationService, class com.almasb.fxgl.app.services.SystemBundleService, class com.almasb.fxgl.profile.SaveLoadService, class com.almasb.fxgl.ui.FXGLUIFactoryServiceProvider, class com.almasb.fxgl.ui.FXGLDialogFactoryServiceProvider, class com.almasb.fxgl.audio.AudioPlayer, class com.almasb.fxgl.notification.impl.NotificationServiceProvider, class com.almasb.fxgl.achievement.AchievementService, class com.almasb.fxgl.cutscene.CutsceneService, class com.almasb.fxgl.minigames.MiniGameService, class com.almasb.fxgl.net.NetService, class com.almasb.fxgl.app.services.UpdaterService, class com.almasb.fxgl.dev.DevService]
17:05:44.971 [FXGL Background Thread 3 ] DEBUG Engine               - fontGame: Abel-Regular.ttf
17:05:44.971 [FXGL Background Thread 3 ] DEBUG Engine               - fontMono: TerminalLandMono-Regular.otf
17:05:44.971 [FXGL Background Thread 3 ] DEBUG Engine               - fontText: Courier-Prime.ttf
17:05:44.971 [FXGL Background Thread 3 ] DEBUG Engine               - fontUI: VarelaRound-Regular.ttf
17:05:44.971 [FXGL Background Thread 3 ] DEBUG Engine               - fullScreen: BooleanProperty [value: false]
17:05:44.971 [FXGL Background Thread 3 ] DEBUG Engine               - gameDifficulty: MEDIUM
17:05:44.971 [FXGL Background Thread 3 ] DEBUG Engine               - gameDifficultyProperty: ObjectProperty [value: MEDIUM]
17:05:44.971 [FXGL Background Thread 3 ] DEBUG Engine               - globalMusicVolume: 0.5
17:05:44.971 [FXGL Background Thread 3 ] DEBUG Engine               - globalMusicVolumeProperty: DoubleProperty [value: 0.5]
17:05:44.971 [FXGL Background Thread 3 ] DEBUG Engine               - globalSoundVolume: 0.5
17:05:44.971 [FXGL Background Thread 3 ] DEBUG Engine               - globalSoundVolumeProperty: DoubleProperty [value: 0.5]
17:05:44.972 [FXGL Background Thread 3 ] DEBUG Engine               - height: 480
17:05:44.972 [FXGL Background Thread 3 ] DEBUG Engine               - is3D: false
17:05:44.972 [FXGL Background Thread 3 ] DEBUG Engine               - isAndroid: false
17:05:44.972 [FXGL Background Thread 3 ] DEBUG Engine               - isBrowser: false
17:05:44.972 [FXGL Background Thread 3 ] DEBUG Engine               - isClickFeedbackEnabled: false
17:05:44.972 [FXGL Background Thread 3 ] DEBUG Engine               - isCloseConfirmation: false
17:05:44.972 [FXGL Background Thread 3 ] DEBUG Engine               - isDesktop: true
17:05:44.972 [FXGL Background Thread 3 ] DEBUG Engine               - isDeveloperMenuEnabled: false
17:05:44.972 [FXGL Background Thread 3 ] DEBUG Engine               - isEmbedded: false
17:05:44.972 [FXGL Background Thread 3 ] DEBUG Engine               - isEntityPreloadEnabled: true
17:05:44.973 [FXGL Background Thread 3 ] DEBUG Engine               - isExperimentalTiledLargeMap: false
17:05:44.973 [FXGL Background Thread 3 ] DEBUG Engine               - isFileSystemWriteAllowed: true
17:05:44.973 [FXGL Background Thread 3 ] DEBUG Engine               - isFullScreenAllowed: false
17:05:44.973 [FXGL Background Thread 3 ] DEBUG Engine               - isFullScreenFromStart: false
17:05:44.973 [FXGL Background Thread 3 ] DEBUG Engine               - isGameMenuEnabled: true
17:05:44.973 [FXGL Background Thread 3 ] DEBUG Engine               - isIOS: false
17:05:44.973 [FXGL Background Thread 3 ] DEBUG Engine               - isIntroEnabled: false
17:05:44.973 [FXGL Background Thread 3 ] DEBUG Engine               - isLinux: true
17:05:44.973 [FXGL Background Thread 3 ] DEBUG Engine               - isMac: false
17:05:44.973 [FXGL Background Thread 3 ] DEBUG Engine               - isMainMenuEnabled: false
17:05:44.973 [FXGL Background Thread 3 ] DEBUG Engine               - isManualResizeEnabled: false
17:05:44.973 [FXGL Background Thread 3 ] DEBUG Engine               - isMobile: false
17:05:44.973 [FXGL Background Thread 3 ] DEBUG Engine               - isNative: false
17:05:44.973 [FXGL Background Thread 3 ] DEBUG Engine               - isPauseMusicWhenMinimized: true
17:05:44.974 [FXGL Background Thread 3 ] DEBUG Engine               - isPreserveResizeRatio: false
17:05:44.974 [FXGL Background Thread 3 ] DEBUG Engine               - isProfilingEnabled: false
17:05:44.974 [FXGL Background Thread 3 ] DEBUG Engine               - isScaleAffectedOnResize: true
17:05:44.974 [FXGL Background Thread 3 ] DEBUG Engine               - isSingleStep: false
17:05:44.974 [FXGL Background Thread 3 ] DEBUG Engine               - isUserProfileEnabled: false
17:05:44.974 [FXGL Background Thread 3 ] DEBUG Engine               - isWindows: false
17:05:44.974 [FXGL Background Thread 3 ] DEBUG Engine               - language: ObjectProperty [value: ENGLISH]
17:05:44.974 [FXGL Background Thread 3 ] DEBUG Engine               - menuKey: ESCAPE
17:05:44.974 [FXGL Background Thread 3 ] DEBUG Engine               - mouseSensitivity: 0.2
17:05:44.974 [FXGL Background Thread 3 ] DEBUG Engine               - notificationViewClass: class com.almasb.fxgl.notification.view.XboxNotificationView
17:05:44.975 [FXGL Background Thread 3 ] DEBUG Engine               - pixelsPerMeter: 50.0
17:05:44.975 [FXGL Background Thread 3 ] DEBUG Engine               - platform: LINUX
17:05:44.975 [FXGL Background Thread 3 ] DEBUG Engine               - prefHeightProperty: ReadOnlyDoubleProperty [value: 480.0]
17:05:44.975 [FXGL Background Thread 3 ] DEBUG Engine               - prefWidthProperty: ReadOnlyDoubleProperty [value: 720.0]
17:05:44.975 [FXGL Background Thread 3 ] DEBUG Engine               - profileDir: profiles/
17:05:44.975 [FXGL Background Thread 3 ] DEBUG Engine               - profileName: StringProperty [value: DEFAULT]
17:05:44.975 [FXGL Background Thread 3 ] DEBUG Engine               - randomSeed: -1
17:05:44.976 [FXGL Background Thread 3 ] DEBUG Engine               - runtimeInfo: RuntimeInfo(platform=LINUX, version=17.1, build=24.03.2022 17.34)
17:05:44.976 [FXGL Background Thread 3 ] DEBUG Engine               - saveFileExt: sav
17:05:44.976 [FXGL Background Thread 3 ] DEBUG Engine               - scaledHeightProp$fxgl: DoubleProperty [bound, value: 483.0]
17:05:44.976 [FXGL Background Thread 3 ] DEBUG Engine               - scaledWidthProp$fxgl: DoubleProperty [bound, value: 726.0]
17:05:44.976 [FXGL Background Thread 3 ] DEBUG Engine               - sceneFactory: com.almasb.fxgl.app.scene.SceneFactory@568ee92f
17:05:44.976 [FXGL Background Thread 3 ] DEBUG Engine               - secondsIn24h: 60
17:05:44.976 [FXGL Background Thread 3 ] DEBUG Engine               - soundMenuBack: menu/back.wav
17:05:44.976 [FXGL Background Thread 3 ] DEBUG Engine               - soundMenuPress: menu/press.wav
17:05:44.976 [FXGL Background Thread 3 ] DEBUG Engine               - soundMenuSelect: menu/select.wav
17:05:44.976 [FXGL Background Thread 3 ] DEBUG Engine               - soundNotification: core/notification.wav
17:05:44.976 [FXGL Background Thread 3 ] DEBUG Engine               - stageStyle: DECORATED
17:05:44.976 [FXGL Background Thread 3 ] DEBUG Engine               - supportedLanguages: [ENGLISH, FRENCH, GERMAN, HUNGARIAN, RUSSIAN]
17:05:44.976 [FXGL Background Thread 3 ] DEBUG Engine               - ticksPerSecond: -1
17:05:44.977 [FXGL Background Thread 3 ] DEBUG Engine               - title: Floworld
17:05:44.977 [FXGL Background Thread 3 ] DEBUG Engine               - urlGithub: https://github.com/AlmasB/FXGL
17:05:44.977 [FXGL Background Thread 3 ] DEBUG Engine               - urlLeaderboard: http://fxgl-top.herokuapp.com/
17:05:44.977 [FXGL Background Thread 3 ] DEBUG Engine               - urlPOM: https://raw.githubusercontent.com/AlmasB/FXGL/release/README.md
17:05:44.977 [FXGL Background Thread 3 ] DEBUG Engine               - userAppClass: class com.fengmaster.game.floworld.FloworldGameApplication
17:05:44.977 [FXGL Background Thread 3 ] DEBUG Engine               - version: 0.1
17:05:44.977 [FXGL Background Thread 3 ] DEBUG Engine               - versionCheckDays: 7
17:05:44.977 [FXGL Background Thread 3 ] DEBUG Engine               - width: 720
17:05:44.977 [FXGL Background Thread 3 ] DEBUG Engine               - Logging services
17:05:44.977 [FXGL Background Thread 3 ] DEBUG Engine               - class com.almasb.fxgl.app.services.FXGLAssetLoaderService
17:05:44.977 [FXGL Background Thread 3 ] DEBUG Engine               - class com.almasb.fxgl.app.FXGLApplication$GameApplicationService
17:05:44.977 [FXGL Background Thread 3 ] DEBUG Engine               - class com.almasb.fxgl.app.services.FXGLDialogService
17:05:44.977 [FXGL Background Thread 3 ] DEBUG Engine               - class com.almasb.fxgl.app.services.IOTaskExecutorService
17:05:44.977 [FXGL Background Thread 3 ] DEBUG Engine               - class com.almasb.fxgl.io.FileSystemService
17:05:44.977 [FXGL Background Thread 3 ] DEBUG Engine               - class com.almasb.fxgl.localization.LocalizationService
17:05:44.978 [FXGL Background Thread 3 ] DEBUG Engine               - class com.almasb.fxgl.app.services.SystemBundleService
17:05:44.978 [FXGL Background Thread 3 ] DEBUG Engine               - class com.almasb.fxgl.profile.SaveLoadService
17:05:44.978 [FXGL Background Thread 3 ] DEBUG Engine               - class com.almasb.fxgl.ui.FXGLUIFactoryServiceProvider
17:05:44.978 [FXGL Background Thread 3 ] DEBUG Engine               - class com.almasb.fxgl.ui.FXGLDialogFactoryServiceProvider
17:05:44.978 [FXGL Background Thread 3 ] DEBUG Engine               - class com.almasb.fxgl.audio.AudioPlayer
17:05:44.978 [FXGL Background Thread 3 ] DEBUG Engine               - class com.almasb.fxgl.notification.impl.NotificationServiceProvider
17:05:44.978 [FXGL Background Thread 3 ] DEBUG Engine               - class com.almasb.fxgl.achievement.AchievementService
17:05:44.978 [FXGL Background Thread 3 ] DEBUG Engine               - class com.almasb.fxgl.cutscene.CutsceneService
17:05:44.978 [FXGL Background Thread 3 ] DEBUG Engine               - class com.almasb.fxgl.minigames.MiniGameService
17:05:44.978 [FXGL Background Thread 3 ] DEBUG Engine               - class com.almasb.fxgl.net.NetService
17:05:44.978 [FXGL Background Thread 3 ] DEBUG Engine               - class com.almasb.fxgl.app.services.UpdaterService
17:05:44.978 [FXGL Background Thread 3 ] DEBUG Engine               - class com.almasb.fxgl.dev.DevService
17:05:53.348 [JavaFX Application Thread] DEBUG FXGLApplication      - Exiting FXGL
17:05:53.348 [JavaFX Application Thread] DEBUG LoopRunner           - Stopping loop
17:05:53.348 [JavaFX Application Thread] DEBUG SystemBundleService  - Saving FXGL system data
17:05:53.350 [JavaFX Application Thread] DEBUG FileSystemAccess     - Writing to: /home/fengwu/IdeaProjects/Floworld/system/fxgl.bundle
17:05:53.352 [JavaFX Application Thread] DEBUG Async                - Shutting down background threads
17:05:53.352 [JavaFX Application Thread] DEBUG PrimaryStageWindow   - Closing main window
17:05:53.354 [JavaFX Application Thread] DEBUG Logger               - Closing Logger
