16:21:08.189 [main                     ] DEBUG Logger               - Configured Logger
16:21:08.221 [main                     ] DEBUG GameApplication      - Logging settings
Title: Floworld
Version: 0.1
Width: 720
Height: 480
Fullscreen: false
Intro: false
Profiling: false
Single step:false
App Mode: DEVELOPER
Menu Key: ESCAPE
Stage Style: DECORATED
Scene Factory: class com.almasb.fxgl.app.scene.SceneFactory

16:21:08.602 [JavaFX Application Thread] DEBUG FXGLApplication      - Initializing FXGL
16:21:08.608 [JavaFX Application Thread] INFO  Engine               - FXGL-17.1 (24.03.2022 17.34) on LINUX (J:17.0.2 FX:18)
16:21:08.608 [JavaFX Application Thread] DEBUG Engine               - JRE Vendor Name: Oracle Corporation
16:21:08.609 [JavaFX Application Thread] DEBUG Engine               - Running on OS: Linux version 5.16.18-1-MANJARO
16:21:08.609 [JavaFX Application Thread] DEBUG Engine               - Architecture: amd64
16:21:08.609 [JavaFX Application Thread] INFO  Engine               - Source code and latest versions at: https://github.com/AlmasB/FXGL
16:21:08.609 [JavaFX Application Thread] INFO  Engine               -       Ask questions and discuss at: https://github.com/AlmasB/FXGL/discussions
16:21:08.609 [JavaFX Application Thread] INFO  Engine               -              Join the FXGL chat at: https://gitter.im/AlmasB/FXGL
16:21:08.691 [JavaFX Application Thread] DEBUG PrimaryStageWindow   - Creating a JavaFX scene
16:21:08.794 [JavaFX Application Thread] DEBUG PrimaryStageWindow   - Target settings size: 720.0 x 480.0
16:21:08.794 [JavaFX Application Thread] DEBUG PrimaryStageWindow   - Scaled scene size:    720.0 x 480.0
16:21:08.794 [JavaFX Application Thread] DEBUG PrimaryStageWindow   - Scaled ratio: (1.0, 1.0)
16:21:08.795 [JavaFX Application Thread] DEBUG PrimaryStageWindow   - Set initial scene to FXGLStartupScene
16:21:08.800 [JavaFX Application Thread] DEBUG PrimaryStageWindow   - Opening main window
16:21:08.831 [JavaFX Application Thread] DEBUG PrimaryStageWindow   - Window border size: (2.0, 29.0)
16:21:08.831 [JavaFX Application Thread] DEBUG PrimaryStageWindow   - Scaled size: 720.0 x 480.0
16:21:08.831 [JavaFX Application Thread] DEBUG PrimaryStageWindow   - Scaled ratio: (1.0, 1.0)
16:21:08.832 [JavaFX Application Thread] DEBUG PrimaryStageWindow   - Scene size: 720.0 x 480.0
16:21:08.832 [JavaFX Application Thread] DEBUG PrimaryStageWindow   - Stage size: 722.0 x 509.0
16:21:08.837 [FXGL Background Thread 1 ] DEBUG Engine               - Initializing environment variables
16:21:08.862 [FXGL Background Thread 1 ] DEBUG FXGLAssetLoaderServi - User app class for loading assets: class com.fengmaster.game.floworld.FloworldGameApplication
16:21:08.862 [FXGL Background Thread 1 ] DEBUG GameApplicationServi - Applying CSS: fxgl_dark.css
16:21:08.863 [FXGL Background Thread 1 ] DEBUG FXGLAssetLoaderServi - Loading from file system: jar:file:///home/fengwu/.m2/repository/com/github/almasb/fxgl/17.1/fxgl-17.1.jar!/fxglassets/ui/css/fxgl_dark.css
16:21:08.912 [FXGL Background Thread 1 ] DEBUG GameApplicationServi - Initializing application scenes
16:21:08.977 [FXGL Background Thread 1 ] DEBUG GameWorld            - Game world initialized
16:21:09.029 [FXGL Background Thread 1 ] DEBUG PhysicsWorld         - Physics world initialized: appHeight=480, physics.ppm=50.0
16:21:09.029 [FXGL Background Thread 1 ] DEBUG PhysicsWorld         - Using strategy: BRUTE_FORCE
16:21:09.033 [FXGL Background Thread 1 ] DEBUG GameScene            - Game scene initialized: 720x480
16:21:09.046 [FXGL Background Thread 1 ] WARN  FXGL.DefaultMenu     - FXGLDefaultMenu is not designed for resolutions < 800x600
16:21:09.047 [FXGL Background Thread 1 ] DEBUG FXGL.DefaultMenu     - createMenuBodyGameMenu()
16:21:09.066 [FXGL Background Thread 1 ] DEBUG FXGL.DefaultMenu     - createOptionsMenu()
16:21:09.080 [FXGL Background Thread 1 ] DEBUG FXGLAssetLoaderServi - Loading from file system: jar:file:///home/fengwu/.m2/repository/com/github/almasb/fxgl/17.1/fxgl-17.1.jar!/fxglassets/textures/particles/smoke.png
16:21:09.187 [FXGL Background Thread 1 ] DEBUG FXGLAssetLoaderServi - Loading from file system: jar:file:///home/fengwu/.m2/repository/com/github/almasb/fxgl/17.1/fxgl-17.1.jar!/fxglassets/textures/particles/trace_horizontal.png
16:21:09.215 [FXGL Background Thread 1 ] DEBUG GameApplicationServi - Application scenes initialized
16:21:09.234 [FXGL Background Thread 1 ] DEBUG SystemBundleService  - Loading FXGL system data
16:21:09.239 [FXGL Background Thread 1 ] DEBUG FileSystemAccess     - Reading from: /home/fengwu/IdeaProjects/Floworld/system/fxgl.bundle
16:21:09.248 [FXGL Background Thread 1 ] DEBUG SystemBundleService  - Bundle FXGL: {}
16:21:09.248 [FXGL Background Thread 1 ] DEBUG UpdaterService       - Checking for updates
16:21:09.254 [FXGL Background Thread 4 ] DEBUG FXGLApplication      - Loading fonts
16:21:09.255 [FXGL Background Thread 4 ] DEBUG FXGLAssetLoaderServi - Loading from file system: jar:file:///home/fengwu/.m2/repository/com/github/almasb/fxgl/17.1/fxgl-17.1.jar!/fxglassets/ui/fonts/VarelaRound-Regular.ttf
16:21:09.255 [FXGL Background Thread 1 ] DEBUG FXGLApplication      - Loading default localization
16:21:09.256 [FXGL Background Thread 1 ] DEBUG FXGLAssetLoaderServi - Loading from file system: jar:file:///home/fengwu/.m2/repository/com/github/almasb/fxgl/17.1/fxgl-17.1.jar!/fxglassets/languages/english.lang
16:21:09.264 [FXGL Background Thread 4 ] DEBUG FXGLAssetLoaderServi - Loading from file system: jar:file:///home/fengwu/.m2/repository/com/github/almasb/fxgl/17.1/fxgl-17.1.jar!/fxglassets/ui/fonts/Abel-Regular.ttf
16:21:09.265 [FXGL Background Thread 4 ] DEBUG FXGLAssetLoaderServi - Loading from file system: jar:file:///home/fengwu/.m2/repository/com/github/almasb/fxgl/17.1/fxgl-17.1.jar!/fxglassets/ui/fonts/TerminalLandMono-Regular.otf
16:21:09.266 [FXGL Background Thread 4 ] DEBUG FXGLAssetLoaderServi - Loading from file system: jar:file:///home/fengwu/.m2/repository/com/github/almasb/fxgl/17.1/fxgl-17.1.jar!/fxglassets/ui/fonts/Courier-Prime.ttf
16:21:09.269 [JavaFX Application Thread] DEBUG FXGLApplication      - Registering font factories with UI factory
16:21:09.270 [FXGL Background Thread 1 ] INFO  FXGLApplication      - FXGL initialization took: 0.433 sec
16:21:09.271 [JavaFX Application Thread] DEBUG FXGLAssetLoaderServi - Loading from file system: jar:file:///home/fengwu/.m2/repository/com/github/almasb/fxgl/17.1/fxgl-17.1.jar!/fxglassets/textures/fxgl_icon.png
16:21:09.289 [JavaFX Application Thread] DEBUG FXGLAssetLoaderServi - Loading from file system: jar:file:///home/fengwu/.m2/repository/com/github/almasb/fxgl/17.1/fxgl-17.1.jar!/fxglassets/textures/fxgl_default_cursor.png
16:21:09.301 [JavaFX Application Thread] DEBUG Input                - Registered new binding: Screenshot - CTRL+8
16:21:09.302 [JavaFX Application Thread] DEBUG Input                - Registered new binding: System info dump - CTRL+9
16:21:09.302 [JavaFX Application Thread] DEBUG Input                - Registered new binding: Restart - CTRL+R
16:21:09.303 [JavaFX Application Thread] DEBUG Input                - Registered new binding: Toggle Debug Camera - CTRL+7
16:21:09.305 [JavaFX Application Thread] DEBUG LoopRunner           - Starting loop
16:21:09.305 [JavaFX Application Thread] DEBUG LoopRunner           - Initializing JavaFX AnimationTimerLoop
16:21:09.307 [JavaFX Application Thread] DEBUG GameApplicationServi - Starting new game
16:21:09.308 [JavaFX Application Thread] DEBUG Input                - Clearing active input actions
16:21:09.320 [JavaFX Application Thread] DEBUG GameApplicationServi - Removing overlay from FXGLStartupScene and adding to FXGLLoadingScene
16:21:09.320 [JavaFX Application Thread] DEBUG PrimaryStageWindow   - FXGLStartupScene -> FXGLLoadingScene
16:21:09.321 [JavaFX Application Thread] DEBUG GameApplicationServi - Clearing previous game
16:21:09.321 [JavaFX Application Thread] DEBUG GameScene            - Clearing game scene
16:21:09.321 [JavaFX Application Thread] DEBUG GameWorld            - Clearing game world
16:21:09.321 [JavaFX Application Thread] DEBUG PhysicsWorld         - Clearing physics world
16:21:09.323 [FXGL Background Thread 1 ] DEBUG FXGLApplication      - Initializing game
16:21:09.325 [FXGL Background Thread 1 ] DEBUG FXGLAssetLoaderServi - Loading from file system: file:/home/fengwu/IdeaProjects/Floworld/target/classes/assets/textures/obj/cobble1.png
16:21:09.362 [FXGL Background Thread 1 ] INFO  FXGLApplication      - Game initialization took: 0.039 sec
16:21:09.413 [JavaFX Application Thread] DEBUG Input                - Clearing active input actions
16:21:09.430 [JavaFX Application Thread] DEBUG GameApplicationServi - Removing overlay from FXGLLoadingScene and adding to GameScene
16:21:09.430 [JavaFX Application Thread] DEBUG PrimaryStageWindow   - FXGLLoadingScene -> GameScene
16:21:11.535 [JavaFX Application Thread] DEBUG FXGLApplication      - Exiting FXGL
16:21:11.536 [JavaFX Application Thread] DEBUG LoopRunner           - Stopping loop
16:21:11.536 [JavaFX Application Thread] DEBUG SystemBundleService  - Saving FXGL system data
16:21:11.537 [JavaFX Application Thread] DEBUG FileSystemAccess     - Writing to: /home/fengwu/IdeaProjects/Floworld/system/fxgl.bundle
16:21:11.538 [JavaFX Application Thread] DEBUG Async                - Shutting down background threads
16:21:11.539 [JavaFX Application Thread] DEBUG PrimaryStageWindow   - Closing main window
16:21:11.540 [JavaFX Application Thread] DEBUG Logger               - Closing Logger
